<?xml version="1.0" encoding="UTF-8"?>
<testng-results ignored="0" total="1" passed="1" failed="0" skipped="0">
  <reporter-output>
  </reporter-output>
  <suite started-at="2025-10-18T21:03:53 IST" name="Surefire suite" finished-at="2025-10-18T21:03:57 IST" duration-ms="3812">
    <groups>
    </groups>
    <test started-at="2025-10-18T21:03:53 IST" name="Surefire test" finished-at="2025-10-18T21:03:57 IST" duration-ms="3812">
      <class name="test.CvTest">
        <test-method is-config="true" signature="buildCv()[pri:0, instance:test.CvTest@69930714]" started-at="2025-10-18T21:03:53 IST" name="buildCv" finished-at="2025-10-18T21:03:53 IST" duration-ms="499" status="PASS">
          <reporter-output>
          </reporter-output>
        </test-method> <!-- buildCv -->
        <test-method signature="printMyCv()[pri:0, instance:test.CvTest@69930714]" started-at="2025-10-18T21:03:53 IST" name="printMyCv" finished-at="2025-10-18T21:03:53 IST" duration-ms="4" status="PASS">
          <reporter-output>
          </reporter-output>
        </test-method> <!-- printMyCv -->
        <test-method is-config="true" signature="validateCvFields()[pri:0, instance:test.CvTest@69930714]" started-at="2025-10-18T21:03:53 IST" name="validateCvFields" finished-at="2025-10-18T21:03:57 IST" duration-ms="3236" status="PASS">
          <reporter-output>
          </reporter-output>
        </test-method> <!-- validateCvFields -->
      </class> <!-- test.CvTest -->
    </test> <!-- Surefire test -->
  </suite> <!-- Surefire suite -->
</testng-results>
