<?xml version="1.0" encoding="UTF-8"?>
<testng-results ignored="0" total="1" passed="1" failed="0" skipped="0">
  <reporter-output>
  </reporter-output>
  <suite started-at="2025-10-18T20:57:48 IST" name="Default suite" finished-at="2025-10-18T20:57:50 IST" duration-ms="2094">
    <groups>
    </groups>
    <test started-at="2025-10-18T20:57:48 IST" name="Default test" finished-at="2025-10-18T20:57:50 IST" duration-ms="2094">
      <class name="test.CvTest">
        <test-method is-config="true" signature="buildCv()[pri:0, instance:test.CvTest@35cabb2a]" started-at="2025-10-18T20:57:48 IST" name="buildCv" finished-at="2025-10-18T20:57:49 IST" duration-ms="266" status="PASS">
          <reporter-output>
          </reporter-output>
        </test-method> <!-- buildCv -->
        <test-method signature="printMyCv()[pri:0, instance:test.CvTest@35cabb2a]" started-at="2025-10-18T20:57:49 IST" name="printMyCv" finished-at="2025-10-18T20:57:49 IST" duration-ms="13" status="PASS">
          <reporter-output>
          </reporter-output>
        </test-method> <!-- printMyCv -->
        <test-method is-config="true" signature="validateCvFields()[pri:0, instance:test.CvTest@35cabb2a]" started-at="2025-10-18T20:57:49 IST" name="validateCvFields" finished-at="2025-10-18T20:57:50 IST" duration-ms="1736" status="PASS">
          <reporter-output>
          </reporter-output>
        </test-method> <!-- validateCvFields -->
      </class> <!-- test.CvTest -->
    </test> <!-- Default test -->
  </suite> <!-- Default suite -->
</testng-results>
